<?xml version="1.0" encoding="UTF-8"?>
<!-- Generated by org.testng.reporters.JUnitReportReporter -->
<testsuite hostname="Raja-PC" name="School_Mang_prjct.School_scenerio" tests="1" failures="0" timestamp="27 Sep 2017 07:11:39 GMT" time="51.827" errors="0">
  <testcase name="bfr" time="51.827" classname="School_Mang_prjct.School_scenerio"/>
</testsuite> <!-- School_Mang_prjct.School_scenerio -->
