<?xml version="1.0" encoding="UTF-8"?>
<!-- Generated by org.testng.reporters.JUnitReportReporter -->
<testsuite hostname="Raja-PC" name="Demo_pack.test_demo1" tests="8" failures="0" timestamp="24 Aug 2017 07:12:55 GMT" time="309.693" errors="0">
  <testcase name="sep" time="40.560" classname="Demo_pack.test_demo1"/>
  <testcase name="mar" time="40.505" classname="Demo_pack.test_demo1"/>
  <testcase name="aug" time="41.344" classname="Demo_pack.test_demo1"/>
  <testcase name="jun" time="0.487" classname="Demo_pack.test_demo1"/>
  <testcase name="oct" time="40.381" classname="Demo_pack.test_demo1"/>
  <testcase name="dec" time="40.461" classname="Demo_pack.test_demo1"/>
  <testcase name="jan" time="40.954" classname="Demo_pack.test_demo1"/>
  <testcase name="bfr" time="65.001" classname="Demo_pack.test_demo1"/>
</testsuite> <!-- Demo_pack.test_demo1 -->
